Logging output to: output/ViT/marathon-v3\log\20250628T105444-marathon_v3-large_moe_mnist.log
Model Suffix: -marathon_v3
Total Trainable Parameters: 0.46M
Using parameter groups for optimizer.
Files already downloaded and verified
Files already downloaded and verified

==================== CYCLE 1/4 ====================

--- Training on CIFAR10 for 5 epoch(s) ---
Train Epoch 1 Summary: Avg loss: 1.9667, Avg Accuracy: 26.67%, Avg PI: 0.3448, Avg Surprise: 1.4356, Avg Tau: 1.9770
Train Epoch 2 Summary: Avg loss: 1.7552, Avg Accuracy: 35.03%, Avg PI: 0.3411, Avg Surprise: 1.1994, Avg Tau: 1.7853
Train Epoch 3 Summary: Avg loss: 1.6394, Avg Accuracy: 39.39%, Avg PI: 0.3063, Avg Surprise: 1.4240, Avg Tau: 1.6720
Train Epoch 4 Summary: Avg loss: 1.5501, Avg Accuracy: 43.37%, Avg PI: 0.2599, Avg Surprise: 1.7599, Avg Tau: 1.5824
Train Epoch 5 Summary: Avg loss: 1.4766, Avg Accuracy: 46.18%, Avg PI: 0.2347, Avg Surprise: 1.9713, Avg Tau: 1.5083

--- Validating at global step: 245 ---
CIFAR10 Validation set: Avg loss: 1.4268, Accuracy: 48.71%, Avg PI: 0.1464, Avg Surprise: 2.8183, Avg Tau: 1.3855
MNIST Validation set: Avg loss: 3.6732, Accuracy: 9.13%, Avg PI: 0.0002, Avg Surprise: 14.6037, Avg Tau: 1.5437
FashionMNIST Validation set: Avg loss: 3.5974, Accuracy: 8.10%, Avg PI: 0.0005, Avg Surprise: 12.8857, Avg Tau: 1.5894

--- Training on MNIST for 2 epoch(s) ---
Train Epoch 6 Summary: Avg loss: 1.9551, Avg Accuracy: 29.26%, Avg PI: 0.1697, Avg Surprise: 4.0071, Avg Tau: 1.8943
Train Epoch 7 Summary: Avg loss: 1.1179, Avg Accuracy: 59.48%, Avg PI: 0.0734, Avg Surprise: 5.1958, Avg Tau: 1.2443

--- Validating at global step: 363 ---
CIFAR10 Validation set: Avg loss: 3.7724, Accuracy: 14.62%, Avg PI: 0.0008, Avg Surprise: 10.7212, Avg Tau: 1.0797
MNIST Validation set: Avg loss: 0.7336, Accuracy: 74.22%, Avg PI: 0.0058, Avg Surprise: 9.6820, Avg Tau: 0.8694
FashionMNIST Validation set: Avg loss: 4.1906, Accuracy: 8.64%, Avg PI: 0.0000, Avg Surprise: 15.9765, Avg Tau: 1.0302

--- Training on FashionMNIST for 3 epoch(s) ---
Train Epoch 8 Summary: Avg loss: 1.3712, Avg Accuracy: 53.51%, Avg PI: 0.1166, Avg Surprise: 4.4078, Avg Tau: 1.2642
Train Epoch 9 Summary: Avg loss: 0.6587, Avg Accuracy: 76.10%, Avg PI: 0.1299, Avg Surprise: 3.3677, Avg Tau: 0.7396
Train Epoch 10 Summary: Avg loss: 0.5461, Avg Accuracy: 80.40%, Avg PI: 0.1567, Avg Surprise: 3.0644, Avg Tau: 0.6012

--- Validating at global step: 540 ---
CIFAR10 Validation set: Avg loss: 4.1139, Accuracy: 13.21%, Avg PI: 0.0008, Avg Surprise: 10.2208, Avg Tau: 0.9793
MNIST Validation set: Avg loss: 4.3552, Accuracy: 18.64%, Avg PI: 0.0000, Avg Surprise: 32.8094, Avg Tau: 0.6676
FashionMNIST Validation set: Avg loss: 0.4991, Accuracy: 82.35%, Avg PI: 0.1298, Avg Surprise: 3.0621, Avg Tau: 0.4648

Checkpoint for cycle 1 saved.

==================== CYCLE 2/4 ====================

--- Training on CIFAR10 for 5 epoch(s) ---
Train Epoch 11 Summary: Avg loss: 1.9964, Avg Accuracy: 31.30%, Avg PI: 0.2575, Avg Surprise: 2.4331, Avg Tau: 1.6580
Train Epoch 12 Summary: Avg loss: 1.4909, Avg Accuracy: 45.52%, Avg PI: 0.2500, Avg Surprise: 1.8064, Avg Tau: 1.4882
Train Epoch 13 Summary: Avg loss: 1.4185, Avg Accuracy: 48.44%, Avg PI: 0.2551, Avg Surprise: 1.7705, Avg Tau: 1.4262
Train Epoch 14 Summary: Avg loss: 1.3657, Avg Accuracy: 50.40%, Avg PI: 0.2626, Avg Surprise: 1.7087, Avg Tau: 1.3778
Train Epoch 15 Summary: Avg loss: 1.3396, Avg Accuracy: 51.44%, Avg PI: 0.2427, Avg Surprise: 1.8682, Avg Tau: 1.3481

--- Validating at global step: 785 ---
CIFAR10 Validation set: Avg loss: 1.2981, Accuracy: 53.75%, Avg PI: 0.1471, Avg Surprise: 2.7629, Avg Tau: 1.1968
MNIST Validation set: Avg loss: 3.3374, Accuracy: 5.50%, Avg PI: 0.0000, Avg Surprise: 20.9145, Avg Tau: 1.6465
FashionMNIST Validation set: Avg loss: 3.3207, Accuracy: 11.04%, Avg PI: 0.0004, Avg Surprise: 13.8062, Avg Tau: 1.6173

--- Training on MNIST for 2 epoch(s) ---
Train Epoch 16 Summary: Avg loss: 1.3305, Avg Accuracy: 53.57%, Avg PI: 0.0637, Avg Surprise: 5.8738, Avg Tau: 1.3410
Train Epoch 17 Summary: Avg loss: 0.5614, Avg Accuracy: 81.01%, Avg PI: 0.1136, Avg Surprise: 3.9095, Avg Tau: 0.6653

--- Validating at global step: 903 ---
CIFAR10 Validation set: Avg loss: 3.2017, Accuracy: 23.01%, Avg PI: 0.0015, Avg Surprise: 9.6185, Avg Tau: 0.9494
MNIST Validation set: Avg loss: 0.3455, Accuracy: 89.11%, Avg PI: 0.0782, Avg Surprise: 4.4238, Avg Tau: 0.4110
FashionMNIST Validation set: Avg loss: 3.6435, Accuracy: 19.83%, Avg PI: 0.0000, Avg Surprise: 17.1692, Avg Tau: 0.9266

--- Training on FashionMNIST for 3 epoch(s) ---
Train Epoch 18 Summary: Avg loss: 0.9347, Avg Accuracy: 69.61%, Avg PI: 0.1224, Avg Surprise: 4.3321, Avg Tau: 0.8109
Train Epoch 19 Summary: Avg loss: 0.4947, Avg Accuracy: 82.10%, Avg PI: 0.1998, Avg Surprise: 2.3968, Avg Tau: 0.5330
Train Epoch 20 Summary: Avg loss: 0.4506, Avg Accuracy: 83.78%, Avg PI: 0.2112, Avg Surprise: 2.2537, Avg Tau: 0.4787

--- Validating at global step: 1080 ---
CIFAR10 Validation set: Avg loss: 3.6526, Accuracy: 19.38%, Avg PI: 0.0004, Avg Surprise: 11.9188, Avg Tau: 0.8963
MNIST Validation set: Avg loss: 4.9893, Accuracy: 14.33%, Avg PI: 0.0000, Avg Surprise: 61.7005, Avg Tau: 0.4737
FashionMNIST Validation set: Avg loss: 0.4233, Accuracy: 84.62%, Avg PI: 0.2006, Avg Surprise: 2.1689, Avg Tau: 0.3985

Checkpoint for cycle 2 saved.

==================== CYCLE 3/4 ====================

--- Training on CIFAR10 for 5 epoch(s) ---
Train Epoch 21 Summary: Avg loss: 1.7074, Avg Accuracy: 41.72%, Avg PI: 0.2212, Avg Surprise: 2.9242, Avg Tau: 1.4414
Train Epoch 22 Summary: Avg loss: 1.3417, Avg Accuracy: 51.25%, Avg PI: 0.2476, Avg Surprise: 1.8388, Avg Tau: 1.3368
Train Epoch 23 Summary: Avg loss: 1.2881, Avg Accuracy: 53.15%, Avg PI: 0.2715, Avg Surprise: 1.6320, Avg Tau: 1.2921
Train Epoch 24 Summary: Avg loss: 1.2604, Avg Accuracy: 54.38%, Avg PI: 0.2523, Avg Surprise: 1.7702, Avg Tau: 1.2585
Train Epoch 25 Summary: Avg loss: 1.2444, Avg Accuracy: 54.85%, Avg PI: 0.2616, Avg Surprise: 1.7128, Avg Tau: 1.2512

--- Validating at global step: 1325 ---
CIFAR10 Validation set: Avg loss: 1.1754, Accuracy: 57.74%, Avg PI: 0.2166, Avg Surprise: 2.0077, Avg Tau: 1.1141
MNIST Validation set: Avg loss: 3.4195, Accuracy: 5.74%, Avg PI: 0.0000, Avg Surprise: 24.0966, Avg Tau: 1.5494
FashionMNIST Validation set: Avg loss: 3.8308, Accuracy: 6.06%, Avg PI: 0.0004, Avg Surprise: 12.9286, Avg Tau: 1.4036

--- Training on MNIST for 2 epoch(s) ---
Train Epoch 26 Summary: Avg loss: 0.9978, Avg Accuracy: 66.91%, Avg PI: 0.0741, Avg Surprise: 6.6076, Avg Tau: 0.9882
Train Epoch 27 Summary: Avg loss: 0.3437, Avg Accuracy: 89.02%, Avg PI: 0.1261, Avg Surprise: 3.4795, Avg Tau: 0.4018

--- Validating at global step: 1443 ---
CIFAR10 Validation set: Avg loss: 2.6102, Accuracy: 29.53%, Avg PI: 0.0034, Avg Surprise: 8.8203, Avg Tau: 0.9995
MNIST Validation set: Avg loss: 0.1867, Accuracy: 94.16%, Avg PI: 0.3083, Avg Surprise: 1.6262, Avg Tau: 0.2244
FashionMNIST Validation set: Avg loss: 3.1186, Accuracy: 24.98%, Avg PI: 0.0000, Avg Surprise: 19.7080, Avg Tau: 0.9165

--- Training on FashionMNIST for 3 epoch(s) ---
Train Epoch 28 Summary: Avg loss: 0.6975, Avg Accuracy: 76.47%, Avg PI: 0.1809, Avg Surprise: 3.4534, Avg Tau: 0.6202
Train Epoch 29 Summary: Avg loss: 0.4206, Avg Accuracy: 84.80%, Avg PI: 0.2579, Avg Surprise: 1.8112, Avg Tau: 0.4380
Train Epoch 30 Summary: Avg loss: 0.3879, Avg Accuracy: 85.89%, Avg PI: 0.2901, Avg Surprise: 1.5528, Avg Tau: 0.4063

--- Validating at global step: 1620 ---
CIFAR10 Validation set: Avg loss: 3.4715, Accuracy: 19.69%, Avg PI: 0.0001, Avg Surprise: 14.3468, Avg Tau: 0.9185
MNIST Validation set: Avg loss: 4.9162, Accuracy: 10.82%, Avg PI: 0.0000, Avg Surprise: 57.2951, Avg Tau: 0.7090
FashionMNIST Validation set: Avg loss: 0.3662, Accuracy: 87.18%, Avg PI: 0.3204, Avg Surprise: 1.2154, Avg Tau: 0.3425

Checkpoint for cycle 3 saved.

==================== CYCLE 4/4 ====================

--- Training on CIFAR10 for 5 epoch(s) ---
Train Epoch 31 Summary: Avg loss: 1.5685, Avg Accuracy: 45.26%, Avg PI: 0.2175, Avg Surprise: 2.6701, Avg Tau: 1.3759
Train Epoch 32 Summary: Avg loss: 1.2474, Avg Accuracy: 54.97%, Avg PI: 0.2555, Avg Surprise: 1.7474, Avg Tau: 1.2444
Train Epoch 33 Summary: Avg loss: 1.2181, Avg Accuracy: 55.95%, Avg PI: 0.2775, Avg Surprise: 1.5784, Avg Tau: 1.2219
Train Epoch 34 Summary: Avg loss: 1.1970, Avg Accuracy: 56.74%, Avg PI: 0.2659, Avg Surprise: 1.6638, Avg Tau: 1.1920
Train Epoch 35 Summary: Avg loss: 1.1724, Avg Accuracy: 57.38%, Avg PI: 0.2667, Avg Surprise: 1.6670, Avg Tau: 1.1785

--- Validating at global step: 1865 ---
CIFAR10 Validation set: Avg loss: 1.1058, Accuracy: 60.58%, Avg PI: 0.2371, Avg Surprise: 1.8190, Avg Tau: 1.0364
MNIST Validation set: Avg loss: 3.5072, Accuracy: 9.43%, Avg PI: 0.0000, Avg Surprise: 35.6956, Avg Tau: 1.2539
FashionMNIST Validation set: Avg loss: 3.7453, Accuracy: 9.85%, Avg PI: 0.0000, Avg Surprise: 17.7935, Avg Tau: 1.3677

--- Training on MNIST for 2 epoch(s) ---
Train Epoch 36 Summary: Avg loss: 0.7572, Avg Accuracy: 75.48%, Avg PI: 0.0745, Avg Surprise: 6.7003, Avg Tau: 0.7108
Train Epoch 37 Summary: Avg loss: 0.2665, Avg Accuracy: 91.60%, Avg PI: 0.1700, Avg Surprise: 2.8474, Avg Tau: 0.3081

--- Validating at global step: 1983 ---
CIFAR10 Validation set: Avg loss: 2.4724, Accuracy: 31.37%, Avg PI: 0.0030, Avg Surprise: 9.0186, Avg Tau: 0.9499
MNIST Validation set: Avg loss: 0.1690, Accuracy: 94.57%, Avg PI: 0.1716, Avg Surprise: 2.7223, Avg Tau: 0.1858
FashionMNIST Validation set: Avg loss: 2.6990, Accuracy: 28.89%, Avg PI: 0.0000, Avg Surprise: 20.1040, Avg Tau: 0.8844

--- Training on FashionMNIST for 3 epoch(s) ---
Train Epoch 38 Summary: Avg loss: 0.5984, Avg Accuracy: 79.47%, Avg PI: 0.2179, Avg Surprise: 3.0403, Avg Tau: 0.5319
Train Epoch 39 Summary: Avg loss: 0.3748, Avg Accuracy: 86.33%, Avg PI: 0.2861, Avg Surprise: 1.5702, Avg Tau: 0.3844
Train Epoch 40 Summary: Avg loss: 0.3517, Avg Accuracy: 87.07%, Avg PI: 0.3105, Avg Surprise: 1.3995, Avg Tau: 0.3637

--- Validating at global step: 2160 ---
CIFAR10 Validation set: Avg loss: 3.2740, Accuracy: 23.92%, Avg PI: 0.0003, Avg Surprise: 13.1939, Avg Tau: 0.9460
MNIST Validation set: Avg loss: 5.1485, Accuracy: 11.21%, Avg PI: 0.0000, Avg Surprise: 56.6840, Avg Tau: 0.6275
FashionMNIST Validation set: Avg loss: 0.3371, Accuracy: 88.02%, Avg PI: 0.3222, Avg Surprise: 1.1201, Avg Tau: 0.2932

Checkpoint for cycle 4 saved.

Final checkpoint saved.

Plots saved to: E:\Dev\Chain\PILF\output\ViT\marathon-v3\img\20250628T105444-marathon_v3-large_moe_mnist-Metrics.png

Plots saved to: E:\Dev\Chain\PILF\output\ViT\marathon-v3\img
