Logging output to: output/ViT/log\20250628T044505_large-pilr-mnist-marathon-rehearsal.log
Model: large-pilr-mnist-marathon-rehearsal
Total Trainable Parameters: 0.46M
Files already downloaded and verified
Files already downloaded and verified
Using downloaded and verified file: temp_data/SVHN\train_32x32.mat
Using downloaded and verified file: temp_data/SVHN\test_32x32.mat

==================== MARATHON CYCLE 1/5 ====================

--- Training on CIFAR10 for 5 epoch(s) ---
Train Epoch 1 Summary: Avg loss: 2.0091, Avg Accuracy: 24.95%, Avg PI: 0.3220, Avg Surprise: 1.6370, Avg Tau: 2.0074, Avg LR-Mod: 0.8459
Train Epoch 2 Summary: Avg loss: 1.8217, Avg Accuracy: 32.63%, Avg PI: 0.3083, Avg Surprise: 1.5524, Avg Tau: 1.8558, Avg LR-Mod: 0.6588
Train Epoch 3 Summary: Avg loss: 1.7077, Avg Accuracy: 36.98%, Avg PI: 0.3501, Avg Surprise: 1.1327, Avg Tau: 1.7491, Avg LR-Mod: 0.7722
Train Epoch 4 Summary: Avg loss: 1.6118, Avg Accuracy: 40.98%, Avg PI: 0.2698, Avg Surprise: 1.6903, Avg Tau: 1.6511, Avg LR-Mod: 0.6847
Train Epoch 5 Summary: Avg loss: 1.5478, Avg Accuracy: 43.77%, Avg PI: 0.2141, Avg Surprise: 2.2037, Avg Tau: 1.5835, Avg LR-Mod: 0.7829

--- Validating at global step: 245 ---
CIFAR10 Validation set: Avg loss: 1.5265, Accuracy: 45.63%, Avg PI: 0.0940, Avg Surprise: 3.6712, Avg Tau: 1.4208
MNIST Validation set: Avg loss: 3.6250, Accuracy: 10.27%, Avg PI: 0.0002, Avg Surprise: 14.4892, Avg Tau: 1.4623
FashionMNIST Validation set: Avg loss: 3.6126, Accuracy: 6.37%, Avg PI: 0.0021, Avg Surprise: 10.0580, Avg Tau: 1.5380
SVHN Validation set: Avg loss: 3.4295, Accuracy: 10.01%, Avg PI: 0.0211, Avg Surprise: 5.6077, Avg Tau: 1.6018

--- Training on MNIST for 1 epoch(s) ---
Train Epoch 6 Summary: Avg loss: 2.2568, Avg Accuracy: 18.74%, Avg PI: 0.3142, Avg Surprise: 2.5715, Avg Tau: 2.1239, Avg LR-Mod: 0.8017

--- Validating at global step: 304 ---
CIFAR10 Validation set: Avg loss: 2.9065, Accuracy: 15.43%, Avg PI: 0.0651, Avg Surprise: 3.7538, Avg Tau: 1.6756
MNIST Validation set: Avg loss: 2.3498, Accuracy: 17.86%, Avg PI: 0.0121, Avg Surprise: 7.7986, Avg Tau: 1.8628
FashionMNIST Validation set: Avg loss: 3.0579, Accuracy: 13.17%, Avg PI: 0.0533, Avg Surprise: 4.1866, Avg Tau: 1.8089
SVHN Validation set: Avg loss: 3.4199, Accuracy: 7.89%, Avg PI: 0.0415, Avg Surprise: 4.2926, Avg Tau: 1.6423

--- Training on FashionMNIST for 1 epoch(s) ---
Train Epoch 7 Summary: Avg loss: 1.7507, Avg Accuracy: 38.01%, Avg PI: 0.2027, Avg Surprise: 2.8359, Avg Tau: 1.7344, Avg LR-Mod: 0.7320

--- Validating at global step: 363 ---
CIFAR10 Validation set: Avg loss: 3.2795, Accuracy: 15.55%, Avg PI: 0.0166, Avg Surprise: 5.9813, Avg Tau: 1.4045
MNIST Validation set: Avg loss: 3.4104, Accuracy: 16.47%, Avg PI: 0.0002, Avg Surprise: 14.8065, Avg Tau: 1.1145
FashionMNIST Validation set: Avg loss: 1.1161, Accuracy: 59.81%, Avg PI: 0.2706, Avg Surprise: 1.7493, Avg Tau: 1.2345
SVHN Validation set: Avg loss: 3.5255, Accuracy: 9.22%, Avg PI: 0.0113, Avg Surprise: 6.7245, Avg Tau: 1.5073

--- Training on SVHN for 1 epoch(s) ---
Train Epoch 8 Summary: Avg loss: 2.3613, Avg Accuracy: 17.97%, Avg PI: 0.4343, Avg Surprise: 0.8718, Avg Tau: 2.1349, Avg LR-Mod: 0.9095

--- Validating at global step: 435 ---
CIFAR10 Validation set: Avg loss: 2.3758, Accuracy: 6.32%, Avg PI: 0.3668, Avg Surprise: 0.9482, Avg Tau: 2.2439
MNIST Validation set: Avg loss: 2.3157, Accuracy: 15.57%, Avg PI: 0.3646, Avg Surprise: 0.9820, Avg Tau: 2.2329
FashionMNIST Validation set: Avg loss: 2.3249, Accuracy: 10.63%, Avg PI: 0.3371, Avg Surprise: 1.1330, Avg Tau: 2.2291
SVHN Validation set: Avg loss: 2.2186, Accuracy: 20.05%, Avg PI: 0.5155, Avg Surprise: 0.3341, Avg Tau: 2.2365

Checkpoint for cycle 1 saved to: output/ViT/checkpoints\20250628T044505_large-pilr-mnist-marathon-rehearsal-cycle_1.pth

==================== MARATHON CYCLE 2/5 ====================

--- Training on CIFAR10 for 5 epoch(s) ---
Train Epoch 9 Summary: Avg loss: 2.1761, Avg Accuracy: 18.57%, Avg PI: 0.4650, Avg Surprise: 0.5387, Avg Tau: 2.1767, Avg LR-Mod: 0.8205
Train Epoch 10 Summary: Avg loss: 1.9029, Avg Accuracy: 29.10%, Avg PI: 0.4505, Avg Surprise: 0.6182, Avg Tau: 1.9375, Avg LR-Mod: 0.6909
Train Epoch 11 Summary: Avg loss: 1.7410, Avg Accuracy: 35.46%, Avg PI: 0.3485, Avg Surprise: 1.1965, Avg Tau: 1.7893, Avg LR-Mod: 0.6740
Train Epoch 12 Summary: Avg loss: 1.5957, Avg Accuracy: 41.84%, Avg PI: 0.3550, Avg Surprise: 1.1421, Avg Tau: 1.6610, Avg LR-Mod: 0.6981
Train Epoch 13 Summary: Avg loss: 1.5215, Avg Accuracy: 44.86%, Avg PI: 0.2712, Avg Surprise: 1.7486, Avg Tau: 1.5710, Avg LR-Mod: 0.6782

--- Validating at global step: 680 ---
CIFAR10 Validation set: Avg loss: 1.4364, Accuracy: 48.42%, Avg PI: 0.2297, Avg Surprise: 1.9652, Avg Tau: 1.4603
MNIST Validation set: Avg loss: 3.3025, Accuracy: 10.34%, Avg PI: 0.0052, Avg Surprise: 8.6794, Avg Tau: 1.6792
FashionMNIST Validation set: Avg loss: 3.4925, Accuracy: 4.95%, Avg PI: 0.0061, Avg Surprise: 8.0959, Avg Tau: 1.6591
SVHN Validation set: Avg loss: 3.2098, Accuracy: 10.59%, Avg PI: 0.0419, Avg Surprise: 4.4662, Avg Tau: 1.6934

--- Training on MNIST for 1 epoch(s) ---
Train Epoch 14 Summary: Avg loss: 2.0325, Avg Accuracy: 28.43%, Avg PI: 0.3024, Avg Surprise: 2.0744, Avg Tau: 1.9721, Avg LR-Mod: 0.8031

--- Validating at global step: 739 ---
CIFAR10 Validation set: Avg loss: 2.6565, Accuracy: 16.32%, Avg PI: 0.0917, Avg Surprise: 3.3086, Avg Tau: 1.7921
MNIST Validation set: Avg loss: 1.3748, Accuracy: 51.97%, Avg PI: 0.0979, Avg Surprise: 4.0762, Avg Tau: 1.6087
FashionMNIST Validation set: Avg loss: 2.7168, Accuracy: 12.26%, Avg PI: 0.0729, Avg Surprise: 3.7619, Avg Tau: 1.8326
SVHN Validation set: Avg loss: 2.8993, Accuracy: 12.41%, Avg PI: 0.0560, Avg Surprise: 4.0963, Avg Tau: 1.7148

--- Training on FashionMNIST for 1 epoch(s) ---
Train Epoch 15 Summary: Avg loss: 1.5034, Avg Accuracy: 45.62%, Avg PI: 0.2294, Avg Surprise: 2.2255, Avg Tau: 1.5736, Avg LR-Mod: 0.7242

--- Validating at global step: 798 ---
CIFAR10 Validation set: Avg loss: 3.1750, Accuracy: 15.01%, Avg PI: 0.0568, Avg Surprise: 3.5886, Avg Tau: 1.4637
MNIST Validation set: Avg loss: 3.1326, Accuracy: 17.98%, Avg PI: 0.0017, Avg Surprise: 9.9350, Avg Tau: 1.0293
FashionMNIST Validation set: Avg loss: 1.0220, Accuracy: 61.68%, Avg PI: 0.3857, Avg Surprise: 1.0440, Avg Tau: 1.1824
SVHN Validation set: Avg loss: 3.4243, Accuracy: 10.89%, Avg PI: 0.0269, Avg Surprise: 5.0049, Avg Tau: 1.4892

--- Training on SVHN for 1 epoch(s) ---
Train Epoch 16 Summary: Avg loss: 2.3347, Avg Accuracy: 19.46%, Avg PI: 0.4428, Avg Surprise: 0.7084, Avg Tau: 2.1325, Avg LR-Mod: 0.8907

--- Validating at global step: 870 ---
CIFAR10 Validation set: Avg loss: 2.4723, Accuracy: 8.54%, Avg PI: 0.2775, Avg Surprise: 1.4273, Avg Tau: 2.1710
MNIST Validation set: Avg loss: 2.1629, Accuracy: 21.00%, Avg PI: 0.3214, Avg Surprise: 1.2905, Avg Tau: 2.1954
FashionMNIST Validation set: Avg loss: 2.2111, Accuracy: 14.82%, Avg PI: 0.3084, Avg Surprise: 1.3284, Avg Tau: 2.1571
SVHN Validation set: Avg loss: 2.1826, Accuracy: 24.10%, Avg PI: 0.4950, Avg Surprise: 0.4246, Avg Tau: 2.2193

Checkpoint for cycle 2 saved to: output/ViT/checkpoints\20250628T044505_large-pilr-mnist-marathon-rehearsal-cycle_2.pth

==================== MARATHON CYCLE 3/5 ====================

--- Training on CIFAR10 for 5 epoch(s) ---
Train Epoch 17 Summary: Avg loss: 2.0993, Avg Accuracy: 22.55%, Avg PI: 0.4461, Avg Surprise: 0.6424, Avg Tau: 2.1227, Avg LR-Mod: 0.8502
Train Epoch 18 Summary: Avg loss: 1.6935, Avg Accuracy: 37.87%, Avg PI: 0.4224, Avg Surprise: 0.7719, Avg Tau: 1.7631, Avg LR-Mod: 0.6990
Train Epoch 19 Summary: Avg loss: 1.5567, Avg Accuracy: 43.33%, Avg PI: 0.3208, Avg Surprise: 1.3840, Avg Tau: 1.6177, Avg LR-Mod: 0.6830
Train Epoch 20 Summary: Avg loss: 1.4603, Avg Accuracy: 47.35%, Avg PI: 0.3448, Avg Surprise: 1.1835, Avg Tau: 1.5201, Avg LR-Mod: 0.7240
Train Epoch 21 Summary: Avg loss: 1.4035, Avg Accuracy: 49.03%, Avg PI: 0.3346, Avg Surprise: 1.2418, Avg Tau: 1.4542, Avg LR-Mod: 0.7301

--- Validating at global step: 1115 ---
CIFAR10 Validation set: Avg loss: 1.3388, Accuracy: 51.66%, Avg PI: 0.2357, Avg Surprise: 1.9002, Avg Tau: 1.3318
MNIST Validation set: Avg loss: 3.1941, Accuracy: 10.11%, Avg PI: 0.0034, Avg Surprise: 9.6929, Avg Tau: 1.7371
FashionMNIST Validation set: Avg loss: 3.4270, Accuracy: 4.20%, Avg PI: 0.0084, Avg Surprise: 7.4751, Avg Tau: 1.6273
SVHN Validation set: Avg loss: 3.3267, Accuracy: 9.42%, Avg PI: 0.0358, Avg Surprise: 4.6684, Avg Tau: 1.6463

--- Training on MNIST for 1 epoch(s) ---
Train Epoch 22 Summary: Avg loss: 1.6472, Avg Accuracy: 42.59%, Avg PI: 0.2995, Avg Surprise: 1.8348, Avg Tau: 1.6853, Avg LR-Mod: 0.8743

--- Validating at global step: 1174 ---
CIFAR10 Validation set: Avg loss: 2.6905, Accuracy: 20.36%, Avg PI: 0.0595, Avg Surprise: 3.8495, Avg Tau: 1.4938
MNIST Validation set: Avg loss: 0.8234, Accuracy: 71.46%, Avg PI: 0.2359, Avg Surprise: 2.1227, Avg Tau: 1.0554
FashionMNIST Validation set: Avg loss: 2.8575, Accuracy: 12.60%, Avg PI: 0.0163, Avg Surprise: 6.3250, Avg Tau: 1.4903
SVHN Validation set: Avg loss: 3.0687, Accuracy: 12.90%, Avg PI: 0.0120, Avg Surprise: 6.7995, Avg Tau: 1.4632

--- Training on FashionMNIST for 1 epoch(s) ---
Train Epoch 23 Summary: Avg loss: 1.3149, Avg Accuracy: 52.83%, Avg PI: 0.3171, Avg Surprise: 1.6567, Avg Tau: 1.3627, Avg LR-Mod: 0.8327

--- Validating at global step: 1233 ---
CIFAR10 Validation set: Avg loss: 3.3745, Accuracy: 18.85%, Avg PI: 0.0307, Avg Surprise: 4.3142, Avg Tau: 1.2673
MNIST Validation set: Avg loss: 3.6574, Accuracy: 17.43%, Avg PI: 0.0005, Avg Surprise: 10.5077, Avg Tau: 0.7503
FashionMNIST Validation set: Avg loss: 0.8462, Accuracy: 68.23%, Avg PI: 0.3508, Avg Surprise: 1.2145, Avg Tau: 0.9470
SVHN Validation set: Avg loss: 3.7860, Accuracy: 9.39%, Avg PI: 0.0183, Avg Surprise: 5.1950, Avg Tau: 1.3323

--- Training on SVHN for 1 epoch(s) ---
Train Epoch 24 Summary: Avg loss: 2.3807, Avg Accuracy: 19.19%, Avg PI: 0.4225, Avg Surprise: 0.8993, Avg Tau: 2.1030, Avg LR-Mod: 0.8980

--- Validating at global step: 1305 ---
CIFAR10 Validation set: Avg loss: 2.4369, Accuracy: 9.90%, Avg PI: 0.2646, Avg Surprise: 1.5335, Avg Tau: 2.1621
MNIST Validation set: Avg loss: 2.1974, Accuracy: 18.44%, Avg PI: 0.2284, Avg Surprise: 1.9346, Avg Tau: 2.1358
FashionMNIST Validation set: Avg loss: 2.1894, Accuracy: 20.93%, Avg PI: 0.3141, Avg Surprise: 1.3009, Avg Tau: 2.1551
SVHN Validation set: Avg loss: 2.1758, Accuracy: 23.32%, Avg PI: 0.4518, Avg Surprise: 0.6105, Avg Tau: 2.2168

Checkpoint for cycle 3 saved to: output/ViT/checkpoints\20250628T044505_large-pilr-mnist-marathon-rehearsal-cycle_3.pth

==================== MARATHON CYCLE 4/5 ====================

--- Training on CIFAR10 for 5 epoch(s) ---
Train Epoch 25 Summary: Avg loss: 2.0813, Avg Accuracy: 23.49%, Avg PI: 0.4398, Avg Surprise: 0.6743, Avg Tau: 2.1070, Avg LR-Mod: 0.8686
Train Epoch 26 Summary: Avg loss: 1.6579, Avg Accuracy: 39.50%, Avg PI: 0.4121, Avg Surprise: 0.8104, Avg Tau: 1.7109, Avg LR-Mod: 0.7194
Train Epoch 27 Summary: Avg loss: 1.4921, Avg Accuracy: 45.53%, Avg PI: 0.3667, Avg Surprise: 1.0526, Avg Tau: 1.5392, Avg LR-Mod: 0.6941
Train Epoch 28 Summary: Avg loss: 1.4218, Avg Accuracy: 48.26%, Avg PI: 0.3330, Avg Surprise: 1.2529, Avg Tau: 1.4657, Avg LR-Mod: 0.7210
Train Epoch 29 Summary: Avg loss: 1.3800, Avg Accuracy: 50.15%, Avg PI: 0.3176, Avg Surprise: 1.3462, Avg Tau: 1.4161, Avg LR-Mod: 0.7006

--- Validating at global step: 1550 ---
CIFAR10 Validation set: Avg loss: 1.3279, Accuracy: 52.49%, Avg PI: 0.2314, Avg Surprise: 1.9189, Avg Tau: 1.3038
MNIST Validation set: Avg loss: 3.2116, Accuracy: 9.97%, Avg PI: 0.0044, Avg Surprise: 8.9623, Avg Tau: 1.6643
FashionMNIST Validation set: Avg loss: 3.4827, Accuracy: 3.95%, Avg PI: 0.0045, Avg Surprise: 8.5337, Avg Tau: 1.5169
SVHN Validation set: Avg loss: 3.5483, Accuracy: 9.96%, Avg PI: 0.0344, Avg Surprise: 4.4594, Avg Tau: 1.5377

--- Training on MNIST for 1 epoch(s) ---
Train Epoch 30 Summary: Avg loss: 1.3113, Avg Accuracy: 55.14%, Avg PI: 0.2554, Avg Surprise: 2.2978, Avg Tau: 1.3856, Avg LR-Mod: 0.8312

--- Validating at global step: 1609 ---
CIFAR10 Validation set: Avg loss: 2.7287, Accuracy: 22.29%, Avg PI: 0.0507, Avg Surprise: 3.9853, Avg Tau: 1.3744
MNIST Validation set: Avg loss: 0.6207, Accuracy: 80.05%, Avg PI: 0.1186, Avg Surprise: 3.5395, Avg Tau: 0.8115
FashionMNIST Validation set: Avg loss: 2.5909, Accuracy: 19.35%, Avg PI: 0.0233, Avg Surprise: 5.8165, Avg Tau: 1.5067
SVHN Validation set: Avg loss: 3.3220, Accuracy: 13.69%, Avg PI: 0.0047, Avg Surprise: 7.9872, Avg Tau: 1.2022

--- Training on FashionMNIST for 1 epoch(s) ---
Train Epoch 31 Summary: Avg loss: 1.1912, Avg Accuracy: 57.70%, Avg PI: 0.3209, Avg Surprise: 1.6427, Avg Tau: 1.2579, Avg LR-Mod: 0.8416

--- Validating at global step: 1668 ---
CIFAR10 Validation set: Avg loss: 3.4387, Accuracy: 17.74%, Avg PI: 0.0234, Avg Surprise: 4.5777, Avg Tau: 1.1658
MNIST Validation set: Avg loss: 3.4744, Accuracy: 17.26%, Avg PI: 0.0002, Avg Surprise: 13.5876, Avg Tau: 0.8299
FashionMNIST Validation set: Avg loss: 0.7413, Accuracy: 72.29%, Avg PI: 0.3987, Avg Surprise: 0.9407, Avg Tau: 0.8209
SVHN Validation set: Avg loss: 3.7165, Accuracy: 10.80%, Avg PI: 0.0133, Avg Surprise: 5.7884, Avg Tau: 1.2835

--- Training on SVHN for 1 epoch(s) ---
Train Epoch 32 Summary: Avg loss: 2.3791, Avg Accuracy: 19.18%, Avg PI: 0.4219, Avg Surprise: 0.9638, Avg Tau: 2.0961, Avg LR-Mod: 0.8817

--- Validating at global step: 1740 ---
CIFAR10 Validation set: Avg loss: 2.4447, Accuracy: 7.27%, Avg PI: 0.3150, Avg Surprise: 1.1994, Avg Tau: 2.1963
MNIST Validation set: Avg loss: 2.1040, Accuracy: 25.47%, Avg PI: 0.3313, Avg Surprise: 1.2411, Avg Tau: 2.1585
FashionMNIST Validation set: Avg loss: 2.2157, Accuracy: 11.81%, Avg PI: 0.2563, Avg Surprise: 1.6831, Avg Tau: 2.1286
SVHN Validation set: Avg loss: 2.1566, Accuracy: 23.90%, Avg PI: 0.4944, Avg Surprise: 0.4275, Avg Tau: 2.1952

Checkpoint for cycle 4 saved to: output/ViT/checkpoints\20250628T044505_large-pilr-mnist-marathon-rehearsal-cycle_4.pth

==================== MARATHON CYCLE 5/5 ====================

--- Training on CIFAR10 for 5 epoch(s) ---
Train Epoch 33 Summary: Avg loss: 2.0849, Avg Accuracy: 23.71%, Avg PI: 0.4451, Avg Surprise: 0.6480, Avg Tau: 2.1149, Avg LR-Mod: 0.8560
Train Epoch 34 Summary: Avg loss: 1.6281, Avg Accuracy: 40.75%, Avg PI: 0.4168, Avg Surprise: 0.7837, Avg Tau: 1.6701, Avg LR-Mod: 0.7241
Train Epoch 35 Summary: Avg loss: 1.4655, Avg Accuracy: 46.76%, Avg PI: 0.3383, Avg Surprise: 1.2138, Avg Tau: 1.4997, Avg LR-Mod: 0.7215
Train Epoch 36 Summary: Avg loss: 1.3918, Avg Accuracy: 49.68%, Avg PI: 0.3505, Avg Surprise: 1.1470, Avg Tau: 1.4255, Avg LR-Mod: 0.7002
Train Epoch 37 Summary: Avg loss: 1.3506, Avg Accuracy: 51.28%, Avg PI: 0.3603, Avg Surprise: 1.0771, Avg Tau: 1.3871, Avg LR-Mod: 0.7393

--- Validating at global step: 1985 ---
CIFAR10 Validation set: Avg loss: 1.2749, Accuracy: 54.34%, Avg PI: 0.2949, Avg Surprise: 1.4404, Avg Tau: 1.2676
MNIST Validation set: Avg loss: 3.2556, Accuracy: 10.34%, Avg PI: 0.0009, Avg Surprise: 12.0291, Avg Tau: 1.5557
FashionMNIST Validation set: Avg loss: 3.5857, Accuracy: 3.91%, Avg PI: 0.0045, Avg Surprise: 8.4922, Avg Tau: 1.5349
SVHN Validation set: Avg loss: 3.5584, Accuracy: 10.11%, Avg PI: 0.0430, Avg Surprise: 4.0194, Avg Tau: 1.5567

--- Training on MNIST for 1 epoch(s) ---
Train Epoch 38 Summary: Avg loss: 1.1981, Avg Accuracy: 60.22%, Avg PI: 0.2684, Avg Surprise: 2.5950, Avg Tau: 1.2481, Avg LR-Mod: 0.8902

--- Validating at global step: 2044 ---
CIFAR10 Validation set: Avg loss: 2.8542, Accuracy: 21.96%, Avg PI: 0.0306, Avg Surprise: 4.7629, Avg Tau: 1.2850
MNIST Validation set: Avg loss: 0.4386, Accuracy: 86.27%, Avg PI: 0.2593, Avg Surprise: 1.9824, Avg Tau: 0.5802
FashionMNIST Validation set: Avg loss: 2.4783, Accuracy: 23.76%, Avg PI: 0.0133, Avg Surprise: 6.6866, Avg Tau: 1.2558
SVHN Validation set: Avg loss: 3.3462, Accuracy: 14.79%, Avg PI: 0.0147, Avg Surprise: 5.7421, Avg Tau: 1.2315

--- Training on FashionMNIST for 1 epoch(s) ---
Train Epoch 39 Summary: Avg loss: 1.1613, Avg Accuracy: 59.70%, Avg PI: 0.3421, Avg Surprise: 1.5305, Avg Tau: 1.1954, Avg LR-Mod: 0.8667

--- Validating at global step: 2103 ---
CIFAR10 Validation set: Avg loss: 3.3241, Accuracy: 18.65%, Avg PI: 0.0286, Avg Surprise: 4.2298, Avg Tau: 1.1487
MNIST Validation set: Avg loss: 3.1284, Accuracy: 21.38%, Avg PI: 0.0004, Avg Surprise: 12.3598, Avg Tau: 0.9074
FashionMNIST Validation set: Avg loss: 0.7244, Accuracy: 73.67%, Avg PI: 0.3944, Avg Surprise: 0.9656, Avg Tau: 0.8017
SVHN Validation set: Avg loss: 3.7565, Accuracy: 8.62%, Avg PI: 0.0151, Avg Surprise: 5.4779, Avg Tau: 1.2814

--- Training on SVHN for 1 epoch(s) ---
Train Epoch 40 Summary: Avg loss: 2.3835, Avg Accuracy: 19.36%, Avg PI: 0.4254, Avg Surprise: 0.9240, Avg Tau: 2.0952, Avg LR-Mod: 0.8883

--- Validating at global step: 2175 ---
CIFAR10 Validation set: Avg loss: 2.4345, Accuracy: 8.83%, Avg PI: 0.2957, Avg Surprise: 1.3160, Avg Tau: 2.1692
MNIST Validation set: Avg loss: 2.1126, Accuracy: 22.98%, Avg PI: 0.3412, Avg Surprise: 1.1827, Avg Tau: 2.1769
FashionMNIST Validation set: Avg loss: 2.2097, Accuracy: 14.62%, Avg PI: 0.3178, Avg Surprise: 1.2755, Avg Tau: 2.1709
SVHN Validation set: Avg loss: 2.1756, Accuracy: 24.76%, Avg PI: 0.5123, Avg Surprise: 0.3565, Avg Tau: 2.2146

Checkpoint for cycle 5 saved to: output/ViT/checkpoints\20250628T044505_large-pilr-mnist-marathon-rehearsal-cycle_5.pth

Plots saved to: E:\Dev\Chain\PILF\output\ViT\img
