Logging output to: output/ViT/log\20250628T070228-marathon_v1-large_pisa_mnist.log
Model Suffix: -marathon_v1
Total Trainable Parameters: 0.46M
Using parameter groups for optimizer.
Files already downloaded and verified
Files already downloaded and verified
Using downloaded and verified file: temp_data/SVHN\train_32x32.mat
Using downloaded and verified file: temp_data/SVHN\test_32x32.mat

==================== CYCLE 1/5 ====================

--- Training on CIFAR10 for 5 epoch(s) ---
Train Epoch 1 Summary: Avg loss: 1.9553, Avg Accuracy: 27.28%, Avg PI: 0.5687, Avg Surprise: 0.1321, Avg Tau: 1.9596, Avg Gating LR-Mod: 0.9917, Avg Expert LR-Mod: 0.9967
Train Epoch 2 Summary: Avg loss: 1.7501, Avg Accuracy: 35.31%, Avg PI: 0.5485, Avg Surprise: 0.2164, Avg Tau: 1.7761, Avg Gating LR-Mod: 0.8079, Avg Expert LR-Mod: 0.8487
Train Epoch 3 Summary: Avg loss: 1.6492, Avg Accuracy: 39.09%, Avg PI: 0.5200, Avg Surprise: 0.3260, Avg Tau: 1.6774, Avg Gating LR-Mod: 0.7067, Avg Expert LR-Mod: 0.7231
Train Epoch 4 Summary: Avg loss: 1.5550, Avg Accuracy: 43.16%, Avg PI: 0.5163, Avg Surprise: 0.3448, Avg Tau: 1.5892, Avg Gating LR-Mod: 0.7429, Avg Expert LR-Mod: 0.7363
Train Epoch 5 Summary: Avg loss: 1.4856, Avg Accuracy: 45.88%, Avg PI: 0.4983, Avg Surprise: 0.4132, Avg Tau: 1.5132, Avg Gating LR-Mod: 0.6700, Avg Expert LR-Mod: 0.6784

--- Validating at global step: 245 ---
CIFAR10 Validation set: Avg loss: 1.4655, Accuracy: 46.32%, Avg PI: 0.0922, Avg Surprise: 3.7353, Avg Tau: 1.4077
MNIST Validation set: Avg loss: 3.4535, Accuracy: 6.50%, Avg PI: 0.0016, Avg Surprise: 11.1466, Avg Tau: 1.8054
FashionMNIST Validation set: Avg loss: 3.5449, Accuracy: 5.88%, Avg PI: 0.0018, Avg Surprise: 10.5443, Avg Tau: 1.6549
SVHN Validation set: Avg loss: 3.6340, Accuracy: 9.62%, Avg PI: 0.0156, Avg Surprise: 6.0745, Avg Tau: 1.5692

--- Training on MNIST for 1 epoch(s) ---
Train Epoch 6 Summary: Avg loss: 2.1006, Avg Accuracy: 23.25%, Avg PI: 0.5310, Avg Surprise: 0.2804, Avg Tau: 2.0708, Avg Gating LR-Mod: 0.7586, Avg Expert LR-Mod: 0.7987

--- Validating at global step: 304 ---
CIFAR10 Validation set: Avg loss: 2.8058, Accuracy: 15.58%, Avg PI: 0.0087, Avg Surprise: 7.9667, Avg Tau: 1.7201
MNIST Validation set: Avg loss: 1.4264, Accuracy: 47.09%, Avg PI: 0.1187, Avg Surprise: 3.5249, Avg Tau: 1.5670
FashionMNIST Validation set: Avg loss: 2.6707, Accuracy: 18.51%, Avg PI: 0.0351, Avg Surprise: 5.2243, Avg Tau: 1.7431
SVHN Validation set: Avg loss: 3.1378, Accuracy: 11.95%, Avg PI: 0.0117, Avg Surprise: 7.0428, Avg Tau: 1.6190

--- Training on FashionMNIST for 1 epoch(s) ---
Train Epoch 7 Summary: Avg loss: 1.2892, Avg Accuracy: 54.74%, Avg PI: 0.5070, Avg Surprise: 0.4496, Avg Tau: 1.3808, Avg Gating LR-Mod: 0.7372, Avg Expert LR-Mod: 0.7223

--- Validating at global step: 363 ---
CIFAR10 Validation set: Avg loss: 3.8551, Accuracy: 11.87%, Avg PI: 0.0030, Avg Surprise: 8.2863, Avg Tau: 1.1456
MNIST Validation set: Avg loss: 3.5369, Accuracy: 17.84%, Avg PI: 0.0000, Avg Surprise: 34.5261, Avg Tau: 0.8916
FashionMNIST Validation set: Avg loss: 0.7538, Accuracy: 72.71%, Avg PI: 0.1509, Avg Surprise: 2.9682, Avg Tau: 0.8651
SVHN Validation set: Avg loss: 4.0111, Accuracy: 8.52%, Avg PI: 0.0055, Avg Surprise: 7.4545, Avg Tau: 1.3062

--- Training on SVHN for 1 epoch(s) ---
Train Epoch 8 Summary: Avg loss: 2.3229, Avg Accuracy: 18.65%, Avg PI: 0.5539, Avg Surprise: 0.1342, Avg Tau: 2.1584, Avg Gating LR-Mod: 0.8297, Avg Expert LR-Mod: 0.8628

--- Validating at global step: 435 ---
CIFAR10 Validation set: Avg loss: 2.3949, Accuracy: 8.38%, Avg PI: 0.3258, Avg Surprise: 1.1662, Avg Tau: 2.2216
MNIST Validation set: Avg loss: 2.2197, Accuracy: 20.80%, Avg PI: 0.3390, Avg Surprise: 1.1621, Avg Tau: 2.2078
FashionMNIST Validation set: Avg loss: 2.2095, Accuracy: 17.49%, Avg PI: 0.3111, Avg Surprise: 1.3250, Avg Tau: 2.1852
SVHN Validation set: Avg loss: 2.1945, Accuracy: 22.42%, Avg PI: 0.5039, Avg Surprise: 0.3889, Avg Tau: 2.2309

Checkpoint for cycle 1 saved.

==================== CYCLE 2/5 ====================

--- Training on CIFAR10 for 5 epoch(s) ---
Train Epoch 9 Summary: Avg loss: 2.1376, Avg Accuracy: 20.02%, Avg PI: 0.5676, Avg Surprise: 0.1311, Avg Tau: 2.1304, Avg Gating LR-Mod: 0.7829, Avg Expert LR-Mod: 0.8069
Train Epoch 10 Summary: Avg loss: 1.7785, Avg Accuracy: 33.75%, Avg PI: 0.5380, Avg Surprise: 0.2546, Avg Tau: 1.8023, Avg Gating LR-Mod: 0.7181, Avg Expert LR-Mod: 0.6565
Train Epoch 11 Summary: Avg loss: 1.5622, Avg Accuracy: 42.58%, Avg PI: 0.5032, Avg Surprise: 0.3899, Avg Tau: 1.5847, Avg Gating LR-Mod: 0.6827, Avg Expert LR-Mod: 0.6607
Train Epoch 12 Summary: Avg loss: 1.4537, Avg Accuracy: 47.22%, Avg PI: 0.5116, Avg Surprise: 0.3597, Avg Tau: 1.4813, Avg Gating LR-Mod: 0.7427, Avg Expert LR-Mod: 0.7459
Train Epoch 13 Summary: Avg loss: 1.4059, Avg Accuracy: 48.96%, Avg PI: 0.4971, Avg Surprise: 0.4141, Avg Tau: 1.4258, Avg Gating LR-Mod: 0.6661, Avg Expert LR-Mod: 0.6931

--- Validating at global step: 680 ---
CIFAR10 Validation set: Avg loss: 1.3414, Accuracy: 51.47%, Avg PI: 0.1846, Avg Surprise: 2.3637, Avg Tau: 1.3108
MNIST Validation set: Avg loss: 3.4624, Accuracy: 7.21%, Avg PI: 0.0008, Avg Surprise: 12.3327, Avg Tau: 1.6851
FashionMNIST Validation set: Avg loss: 3.5603, Accuracy: 10.29%, Avg PI: 0.0020, Avg Surprise: 10.2872, Avg Tau: 1.5937
SVHN Validation set: Avg loss: 3.8422, Accuracy: 10.01%, Avg PI: 0.0120, Avg Surprise: 6.3254, Avg Tau: 1.4976

--- Training on MNIST for 1 epoch(s) ---
Train Epoch 14 Summary: Avg loss: 1.6135, Avg Accuracy: 42.04%, Avg PI: 0.4617, Avg Surprise: 0.6084, Avg Tau: 1.6431, Avg Gating LR-Mod: 0.7226, Avg Expert LR-Mod: 0.7794

--- Validating at global step: 739 ---
CIFAR10 Validation set: Avg loss: 3.1151, Accuracy: 17.22%, Avg PI: 0.0047, Avg Surprise: 8.3428, Avg Tau: 1.2649
MNIST Validation set: Avg loss: 0.9218, Accuracy: 68.46%, Avg PI: 0.0362, Avg Surprise: 5.7969, Avg Tau: 1.0440
FashionMNIST Validation set: Avg loss: 3.1649, Accuracy: 14.09%, Avg PI: 0.0015, Avg Surprise: 10.4841, Avg Tau: 1.2388
SVHN Validation set: Avg loss: 3.9191, Accuracy: 10.95%, Avg PI: 0.0024, Avg Surprise: 8.4417, Avg Tau: 1.0707

--- Training on FashionMNIST for 1 epoch(s) ---
Train Epoch 15 Summary: Avg loss: 1.0792, Avg Accuracy: 62.67%, Avg PI: 0.5041, Avg Surprise: 0.4805, Avg Tau: 1.1276, Avg Gating LR-Mod: 0.7894, Avg Expert LR-Mod: 0.8124

--- Validating at global step: 798 ---
CIFAR10 Validation set: Avg loss: 3.7498, Accuracy: 13.82%, Avg PI: 0.0028, Avg Surprise: 8.1482, Avg Tau: 1.0197
MNIST Validation set: Avg loss: 3.9481, Accuracy: 14.94%, Avg PI: 0.0000, Avg Surprise: 31.2771, Avg Tau: 0.6251
FashionMNIST Validation set: Avg loss: 0.6437, Accuracy: 77.33%, Avg PI: 0.2276, Avg Surprise: 2.0845, Avg Tau: 0.7032
SVHN Validation set: Avg loss: 4.0213, Accuracy: 8.74%, Avg PI: 0.0050, Avg Surprise: 7.4844, Avg Tau: 1.2604

--- Training on SVHN for 1 epoch(s) ---
Train Epoch 16 Summary: Avg loss: 2.3141, Avg Accuracy: 18.41%, Avg PI: 0.5346, Avg Surprise: 0.2194, Avg Tau: 2.1570, Avg Gating LR-Mod: 0.8097, Avg Expert LR-Mod: 0.8443

--- Validating at global step: 870 ---
CIFAR10 Validation set: Avg loss: 2.3658, Accuracy: 8.98%, Avg PI: 0.3174, Avg Surprise: 1.2263, Avg Tau: 2.2106
MNIST Validation set: Avg loss: 2.1999, Accuracy: 20.96%, Avg PI: 0.3531, Avg Surprise: 1.0888, Avg Tau: 2.2117
FashionMNIST Validation set: Avg loss: 2.2376, Accuracy: 16.04%, Avg PI: 0.3140, Avg Surprise: 1.2970, Avg Tau: 2.1922
SVHN Validation set: Avg loss: 2.1962, Accuracy: 21.13%, Avg PI: 0.4874, Avg Surprise: 0.4489, Avg Tau: 2.2181

Checkpoint for cycle 2 saved.

==================== CYCLE 3/5 ====================

--- Training on CIFAR10 for 5 epoch(s) ---
Train Epoch 17 Summary: Avg loss: 2.0870, Avg Accuracy: 23.23%, Avg PI: 0.5530, Avg Surprise: 0.1934, Avg Tau: 2.1018, Avg Gating LR-Mod: 0.7634, Avg Expert LR-Mod: 0.7270
Train Epoch 18 Summary: Avg loss: 1.6596, Avg Accuracy: 39.11%, Avg PI: 0.5211, Avg Surprise: 0.3187, Avg Tau: 1.6829, Avg Gating LR-Mod: 0.7538, Avg Expert LR-Mod: 0.7387
Train Epoch 19 Summary: Avg loss: 1.4731, Avg Accuracy: 46.40%, Avg PI: 0.5136, Avg Surprise: 0.3536, Avg Tau: 1.5036, Avg Gating LR-Mod: 0.7079, Avg Expert LR-Mod: 0.7091
Train Epoch 20 Summary: Avg loss: 1.4009, Avg Accuracy: 48.93%, Avg PI: 0.5053, Avg Surprise: 0.3832, Avg Tau: 1.4247, Avg Gating LR-Mod: 0.6940, Avg Expert LR-Mod: 0.6967
Train Epoch 21 Summary: Avg loss: 1.3515, Avg Accuracy: 51.14%, Avg PI: 0.5100, Avg Surprise: 0.3636, Avg Tau: 1.3738, Avg Gating LR-Mod: 0.7405, Avg Expert LR-Mod: 0.7197

--- Validating at global step: 1115 ---
CIFAR10 Validation set: Avg loss: 1.2694, Accuracy: 53.95%, Avg PI: 0.2391, Avg Surprise: 1.8619, Avg Tau: 1.2637
MNIST Validation set: Avg loss: 3.1516, Accuracy: 6.72%, Avg PI: 0.0000, Avg Surprise: 18.3765, Avg Tau: 1.6390
FashionMNIST Validation set: Avg loss: 3.4008, Accuracy: 8.40%, Avg PI: 0.0003, Avg Surprise: 14.4709, Avg Tau: 1.6076
SVHN Validation set: Avg loss: 3.6225, Accuracy: 10.80%, Avg PI: 0.0145, Avg Surprise: 6.2231, Avg Tau: 1.5685

--- Training on MNIST for 1 epoch(s) ---
Train Epoch 22 Summary: Avg loss: 1.1585, Avg Accuracy: 59.57%, Avg PI: 0.4522, Avg Surprise: 0.7154, Avg Tau: 1.2343, Avg Gating LR-Mod: 0.7832, Avg Expert LR-Mod: 0.8279

--- Validating at global step: 1174 ---
CIFAR10 Validation set: Avg loss: 3.1096, Accuracy: 17.36%, Avg PI: 0.0046, Avg Surprise: 8.2014, Avg Tau: 1.1855
MNIST Validation set: Avg loss: 0.5498, Accuracy: 81.47%, Avg PI: 0.2576, Avg Surprise: 1.9488, Avg Tau: 0.6673
FashionMNIST Validation set: Avg loss: 2.7718, Accuracy: 23.08%, Avg PI: 0.0008, Avg Surprise: 12.1245, Avg Tau: 1.2047
SVHN Validation set: Avg loss: 3.6974, Accuracy: 11.98%, Avg PI: 0.0049, Avg Surprise: 7.4189, Avg Tau: 1.1366

--- Training on FashionMNIST for 1 epoch(s) ---
Train Epoch 23 Summary: Avg loss: 0.9118, Avg Accuracy: 68.09%, Avg PI: 0.4730, Avg Surprise: 0.6120, Avg Tau: 0.9483, Avg Gating LR-Mod: 0.8333, Avg Expert LR-Mod: 0.7746

--- Validating at global step: 1233 ---
CIFAR10 Validation set: Avg loss: 3.4566, Accuracy: 15.57%, Avg PI: 0.0035, Avg Surprise: 8.2876, Avg Tau: 1.1352
MNIST Validation set: Avg loss: 3.6528, Accuracy: 17.81%, Avg PI: 0.0000, Avg Surprise: 22.8444, Avg Tau: 0.7449
FashionMNIST Validation set: Avg loss: 0.6071, Accuracy: 78.39%, Avg PI: 0.2233, Avg Surprise: 2.0621, Avg Tau: 0.6363
SVHN Validation set: Avg loss: 3.9201, Accuracy: 8.94%, Avg PI: 0.0074, Avg Surprise: 6.8850, Avg Tau: 1.3152

--- Training on SVHN for 1 epoch(s) ---
Train Epoch 24 Summary: Avg loss: 2.3099, Avg Accuracy: 18.92%, Avg PI: 0.5320, Avg Surprise: 0.2301, Avg Tau: 2.1581, Avg Gating LR-Mod: 0.8101, Avg Expert LR-Mod: 0.8395

--- Validating at global step: 1305 ---
CIFAR10 Validation set: Avg loss: 2.3743, Accuracy: 9.73%, Avg PI: 0.3242, Avg Surprise: 1.1779, Avg Tau: 2.2071
MNIST Validation set: Avg loss: 2.1384, Accuracy: 23.52%, Avg PI: 0.2565, Avg Surprise: 1.7382, Avg Tau: 2.1594
FashionMNIST Validation set: Avg loss: 2.1750, Accuracy: 20.88%, Avg PI: 0.3104, Avg Surprise: 1.3369, Avg Tau: 2.1653
SVHN Validation set: Avg loss: 2.1868, Accuracy: 22.89%, Avg PI: 0.5015, Avg Surprise: 0.3941, Avg Tau: 2.2141

Checkpoint for cycle 3 saved.

==================== CYCLE 4/5 ====================

--- Training on CIFAR10 for 5 epoch(s) ---
Train Epoch 25 Summary: Avg loss: 1.9068, Avg Accuracy: 29.85%, Avg PI: 0.5260, Avg Surprise: 0.3014, Avg Tau: 1.9356, Avg Gating LR-Mod: 0.7210, Avg Expert LR-Mod: 0.7468
Train Epoch 26 Summary: Avg loss: 1.4601, Avg Accuracy: 46.91%, Avg PI: 0.5101, Avg Surprise: 0.3635, Avg Tau: 1.4844, Avg Gating LR-Mod: 0.7293, Avg Expert LR-Mod: 0.6870
Train Epoch 27 Summary: Avg loss: 1.3634, Avg Accuracy: 50.20%, Avg PI: 0.4989, Avg Surprise: 0.4056, Avg Tau: 1.3823, Avg Gating LR-Mod: 0.6873, Avg Expert LR-Mod: 0.6707
Train Epoch 28 Summary: Avg loss: 1.3210, Avg Accuracy: 51.97%, Avg PI: 0.5056, Avg Surprise: 0.3834, Avg Tau: 1.3462, Avg Gating LR-Mod: 0.7364, Avg Expert LR-Mod: 0.7594
Train Epoch 29 Summary: Avg loss: 1.2964, Avg Accuracy: 53.08%, Avg PI: 0.4880, Avg Surprise: 0.4434, Avg Tau: 1.3065, Avg Gating LR-Mod: 0.7182, Avg Expert LR-Mod: 0.7046

--- Validating at global step: 1550 ---
CIFAR10 Validation set: Avg loss: 1.2569, Accuracy: 54.99%, Avg PI: 0.1673, Avg Surprise: 2.5644, Avg Tau: 1.2235
MNIST Validation set: Avg loss: 2.8985, Accuracy: 7.74%, Avg PI: 0.0020, Avg Surprise: 10.9530, Avg Tau: 1.7568
FashionMNIST Validation set: Avg loss: 3.3485, Accuracy: 7.66%, Avg PI: 0.0020, Avg Surprise: 10.4156, Avg Tau: 1.6398
SVHN Validation set: Avg loss: 3.6796, Accuracy: 10.88%, Avg PI: 0.0106, Avg Surprise: 6.7589, Avg Tau: 1.5336

--- Training on MNIST for 1 epoch(s) ---
Train Epoch 30 Summary: Avg loss: 0.9771, Avg Accuracy: 66.90%, Avg PI: 0.4358, Avg Surprise: 0.8686, Avg Tau: 1.0301, Avg Gating LR-Mod: 0.8226, Avg Expert LR-Mod: 0.8516

--- Validating at global step: 1609 ---
CIFAR10 Validation set: Avg loss: 3.2886, Accuracy: 19.39%, Avg PI: 0.0022, Avg Surprise: 8.9120, Avg Tau: 0.9689
MNIST Validation set: Avg loss: 0.3965, Accuracy: 87.76%, Avg PI: 0.2706, Avg Surprise: 1.8285, Avg Tau: 0.4724
FashionMNIST Validation set: Avg loss: 2.5116, Accuracy: 27.32%, Avg PI: 0.0019, Avg Surprise: 10.4059, Avg Tau: 1.1461
SVHN Validation set: Avg loss: 3.6900, Accuracy: 12.33%, Avg PI: 0.0014, Avg Surprise: 9.5606, Avg Tau: 1.0032

--- Training on FashionMNIST for 1 epoch(s) ---
Train Epoch 31 Summary: Avg loss: 0.8109, Avg Accuracy: 71.59%, Avg PI: 0.4743, Avg Surprise: 0.5982, Avg Tau: 0.8466, Avg Gating LR-Mod: 0.8051, Avg Expert LR-Mod: 0.7866

--- Validating at global step: 1668 ---
CIFAR10 Validation set: Avg loss: 3.6646, Accuracy: 14.09%, Avg PI: 0.0013, Avg Surprise: 9.7455, Avg Tau: 1.0037
MNIST Validation set: Avg loss: 4.0843, Accuracy: 14.50%, Avg PI: 0.0000, Avg Surprise: 30.3425, Avg Tau: 0.6323
FashionMNIST Validation set: Avg loss: 0.5385, Accuracy: 80.58%, Avg PI: 0.3682, Avg Surprise: 1.0543, Avg Tau: 0.5654
SVHN Validation set: Avg loss: 3.9572, Accuracy: 8.28%, Avg PI: 0.0031, Avg Surprise: 8.3126, Avg Tau: 1.2051

--- Training on SVHN for 1 epoch(s) ---
Train Epoch 32 Summary: Avg loss: 2.3088, Avg Accuracy: 18.19%, Avg PI: 0.5293, Avg Surprise: 0.2524, Avg Tau: 2.1666, Avg Gating LR-Mod: 0.8563, Avg Expert LR-Mod: 0.8484

--- Validating at global step: 1740 ---
CIFAR10 Validation set: Avg loss: 2.3520, Accuracy: 10.57%, Avg PI: 0.3264, Avg Surprise: 1.1750, Avg Tau: 2.2078
MNIST Validation set: Avg loss: 2.2329, Accuracy: 25.73%, Avg PI: 0.3195, Avg Surprise: 1.2747, Avg Tau: 2.2141
FashionMNIST Validation set: Avg loss: 2.2472, Accuracy: 17.60%, Avg PI: 0.3272, Avg Surprise: 1.2163, Avg Tau: 2.2047
SVHN Validation set: Avg loss: 2.2062, Accuracy: 21.62%, Avg PI: 0.5002, Avg Surprise: 0.3931, Avg Tau: 2.2190

Checkpoint for cycle 4 saved.

==================== CYCLE 5/5 ====================

--- Training on CIFAR10 for 5 epoch(s) ---
Train Epoch 33 Summary: Avg loss: 1.8671, Avg Accuracy: 31.65%, Avg PI: 0.5219, Avg Surprise: 0.3176, Avg Tau: 1.8967, Avg Gating LR-Mod: 0.6553, Avg Expert LR-Mod: 0.6886
Train Epoch 34 Summary: Avg loss: 1.3791, Avg Accuracy: 49.73%, Avg PI: 0.5017, Avg Surprise: 0.3964, Avg Tau: 1.4015, Avg Gating LR-Mod: 0.7216, Avg Expert LR-Mod: 0.7384
Train Epoch 35 Summary: Avg loss: 1.3102, Avg Accuracy: 52.23%, Avg PI: 0.4970, Avg Surprise: 0.4113, Avg Tau: 1.3263, Avg Gating LR-Mod: 0.7032, Avg Expert LR-Mod: 0.7596
Train Epoch 36 Summary: Avg loss: 1.2700, Avg Accuracy: 53.97%, Avg PI: 0.4955, Avg Surprise: 0.4223, Avg Tau: 1.2917, Avg Gating LR-Mod: 0.7206, Avg Expert LR-Mod: 0.6976
Train Epoch 37 Summary: Avg loss: 1.2518, Avg Accuracy: 54.56%, Avg PI: 0.4900, Avg Surprise: 0.4392, Avg Tau: 1.2661, Avg Gating LR-Mod: 0.6785, Avg Expert LR-Mod: 0.7082

--- Validating at global step: 1985 ---
CIFAR10 Validation set: Avg loss: 1.2032, Accuracy: 56.87%, Avg PI: 0.1995, Avg Surprise: 2.2042, Avg Tau: 1.1677
MNIST Validation set: Avg loss: 2.3188, Accuracy: 13.78%, Avg PI: 0.0002, Avg Surprise: 16.4092, Avg Tau: 1.9426
FashionMNIST Validation set: Avg loss: 3.4132, Accuracy: 6.67%, Avg PI: 0.0002, Avg Surprise: 14.9288, Avg Tau: 1.6187
SVHN Validation set: Avg loss: 3.7935, Accuracy: 10.73%, Avg PI: 0.0066, Avg Surprise: 7.5762, Avg Tau: 1.5005

--- Training on MNIST for 1 epoch(s) ---
Train Epoch 38 Summary: Avg loss: 0.8758, Avg Accuracy: 70.62%, Avg PI: 0.4261, Avg Surprise: 1.0123, Avg Tau: 0.9239, Avg Gating LR-Mod: 0.8544, Avg Expert LR-Mod: 0.8569

--- Validating at global step: 2044 ---
CIFAR10 Validation set: Avg loss: 3.2631, Accuracy: 21.34%, Avg PI: 0.0012, Avg Surprise: 10.2935, Avg Tau: 1.0202
MNIST Validation set: Avg loss: 0.3483, Accuracy: 88.98%, Avg PI: 0.2462, Avg Surprise: 2.0601, Avg Tau: 0.4210
FashionMNIST Validation set: Avg loss: 2.3796, Accuracy: 30.97%, Avg PI: 0.0010, Avg Surprise: 11.9796, Avg Tau: 1.1557
SVHN Validation set: Avg loss: 3.7566, Accuracy: 15.07%, Avg PI: 0.0027, Avg Surprise: 8.3891, Avg Tau: 1.0848

--- Training on FashionMNIST for 1 epoch(s) ---
Train Epoch 39 Summary: Avg loss: 0.7469, Avg Accuracy: 73.78%, Avg PI: 0.4713, Avg Surprise: 0.6058, Avg Tau: 0.7756, Avg Gating LR-Mod: 0.8489, Avg Expert LR-Mod: 0.7941

--- Validating at global step: 2103 ---
CIFAR10 Validation set: Avg loss: 3.2967, Accuracy: 18.02%, Avg PI: 0.0016, Avg Surprise: 9.7005, Avg Tau: 1.0422
MNIST Validation set: Avg loss: 4.4057, Accuracy: 10.81%, Avg PI: 0.0000, Avg Surprise: 24.6082, Avg Tau: 0.5385
FashionMNIST Validation set: Avg loss: 0.5247, Accuracy: 80.99%, Avg PI: 0.3457, Avg Surprise: 1.1312, Avg Tau: 0.5245
SVHN Validation set: Avg loss: 3.9154, Accuracy: 8.23%, Avg PI: 0.0021, Avg Surprise: 9.2407, Avg Tau: 1.2384

--- Training on SVHN for 1 epoch(s) ---
Train Epoch 40 Summary: Avg loss: 2.2958, Avg Accuracy: 18.68%, Avg PI: 0.5365, Avg Surprise: 0.2301, Avg Tau: 2.1714, Avg Gating LR-Mod: 0.8567, Avg Expert LR-Mod: 0.8395

--- Validating at global step: 2175 ---
CIFAR10 Validation set: Avg loss: 2.3519, Accuracy: 9.80%, Avg PI: 0.3133, Avg Surprise: 1.2524, Avg Tau: 2.1981
MNIST Validation set: Avg loss: 2.2226, Accuracy: 22.20%, Avg PI: 0.2935, Avg Surprise: 1.4387, Avg Tau: 2.1902
FashionMNIST Validation set: Avg loss: 2.2221, Accuracy: 18.08%, Avg PI: 0.3069, Avg Surprise: 1.3450, Avg Tau: 2.1801
SVHN Validation set: Avg loss: 2.1989, Accuracy: 22.32%, Avg PI: 0.5057, Avg Surprise: 0.3683, Avg Tau: 2.2069

Checkpoint for cycle 5 saved.

Final checkpoint saved.

Plots saved to: E:\Dev\Chain\PILF\output\ViT\img\20250628T070228-marathon_v1-large_pisa_mnist-Metrics.png

Plots saved to: E:\Dev\Chain\PILF\output\ViT\img
