Logging output to: output/ViT/log\20250628T053559_large-moe-mnist-marathon-rehearsal.log
Model: large-moe-mnist-marathon-rehearsal
Total Trainable Parameters: 0.46M
Files already downloaded and verified
Files already downloaded and verified
Using downloaded and verified file: temp_data/SVHN\train_32x32.mat
Using downloaded and verified file: temp_data/SVHN\test_32x32.mat

==================== MARATHON CYCLE 1/5 ====================

--- Training on CIFAR10 for 5 epoch(s) ---
Train Epoch 1 Summary: Avg loss: 1.9327, Avg Accuracy: 27.98%, Avg PI: 0.3264, Avg Surprise: 1.6383, Avg Tau: 1.9365
Train Epoch 2 Summary: Avg loss: 1.6986, Avg Accuracy: 37.24%, Avg PI: 0.2902, Avg Surprise: 1.5627, Avg Tau: 1.7363
Train Epoch 3 Summary: Avg loss: 1.5803, Avg Accuracy: 42.02%, Avg PI: 0.2332, Avg Surprise: 1.9937, Avg Tau: 1.6151
Train Epoch 4 Summary: Avg loss: 1.4792, Avg Accuracy: 45.98%, Avg PI: 0.2378, Avg Surprise: 1.9315, Avg Tau: 1.5105
Train Epoch 5 Summary: Avg loss: 1.4085, Avg Accuracy: 48.65%, Avg PI: 0.2229, Avg Surprise: 2.0699, Avg Tau: 1.4440

--- Validating at global step: 245 ---
CIFAR10 Validation set: Avg loss: 1.3479, Accuracy: 51.68%, Avg PI: 0.1429, Avg Surprise: 2.8387, Avg Tau: 1.2639
MNIST Validation set: Avg loss: 3.7225, Accuracy: 6.95%, Avg PI: 0.0006, Avg Surprise: 12.6117, Avg Tau: 1.5791
FashionMNIST Validation set: Avg loss: 3.5809, Accuracy: 6.59%, Avg PI: 0.0004, Avg Surprise: 13.2115, Avg Tau: 1.5048
SVHN Validation set: Avg loss: 3.6937, Accuracy: 9.08%, Avg PI: 0.0127, Avg Surprise: 6.2956, Avg Tau: 1.4974

--- Training on MNIST for 1 epoch(s) ---
Train Epoch 6 Summary: Avg loss: 1.8790, Avg Accuracy: 33.10%, Avg PI: 0.0908, Avg Surprise: 5.2190, Avg Tau: 1.8490

--- Validating at global step: 304 ---
CIFAR10 Validation set: Avg loss: 2.8409, Accuracy: 21.89%, Avg PI: 0.0096, Avg Surprise: 7.0767, Avg Tau: 1.2692
MNIST Validation set: Avg loss: 1.0151, Accuracy: 63.81%, Avg PI: 0.0032, Avg Surprise: 10.9630, Avg Tau: 1.1808
FashionMNIST Validation set: Avg loss: 3.4269, Accuracy: 8.21%, Avg PI: 0.0001, Avg Surprise: 16.2084, Avg Tau: 1.3675
SVHN Validation set: Avg loss: 3.9754, Accuracy: 9.63%, Avg PI: 0.0022, Avg Surprise: 8.8983, Avg Tau: 1.1741

--- Training on FashionMNIST for 1 epoch(s) ---
Train Epoch 7 Summary: Avg loss: 1.3772, Avg Accuracy: 50.87%, Avg PI: 0.1077, Avg Surprise: 4.2452, Avg Tau: 1.3703

--- Validating at global step: 363 ---
CIFAR10 Validation set: Avg loss: 3.2534, Accuracy: 20.22%, Avg PI: 0.0027, Avg Surprise: 9.2572, Avg Tau: 1.2497
MNIST Validation set: Avg loss: 3.8579, Accuracy: 16.25%, Avg PI: 0.0000, Avg Surprise: 55.6088, Avg Tau: 0.8292
FashionMNIST Validation set: Avg loss: 0.7665, Accuracy: 71.46%, Avg PI: 0.0440, Avg Surprise: 5.4634, Avg Tau: 0.8497
SVHN Validation set: Avg loss: 4.3601, Accuracy: 8.67%, Avg PI: 0.0001, Avg Surprise: 14.8049, Avg Tau: 1.1460

--- Training on SVHN for 1 epoch(s) ---
Train Epoch 8 Summary: Avg loss: 2.2970, Avg Accuracy: 21.84%, Avg PI: 0.3336, Avg Surprise: 1.6744, Avg Tau: 2.0774

--- Validating at global step: 435 ---
CIFAR10 Validation set: Avg loss: 2.6911, Accuracy: 9.32%, Avg PI: 0.1265, Avg Surprise: 2.8278, Avg Tau: 2.0483
MNIST Validation set: Avg loss: 2.1586, Accuracy: 22.90%, Avg PI: 0.1243, Avg Surprise: 3.2027, Avg Tau: 2.0573
FashionMNIST Validation set: Avg loss: 2.2818, Accuracy: 15.99%, Avg PI: 0.0639, Avg Surprise: 4.3591, Avg Tau: 1.9732
SVHN Validation set: Avg loss: 2.0009, Accuracy: 30.74%, Avg PI: 0.1880, Avg Surprise: 2.4037, Avg Tau: 2.0930

Checkpoint for cycle 1 saved to: output/ViT/checkpoints\20250628T053559_large-moe-mnist-marathon-rehearsal-cycle_1.pth

==================== MARATHON CYCLE 2/5 ====================

--- Training on CIFAR10 for 5 epoch(s) ---
Train Epoch 9 Summary: Avg loss: 1.9504, Avg Accuracy: 28.82%, Avg PI: 0.3477, Avg Surprise: 1.1718, Avg Tau: 1.9320
Train Epoch 10 Summary: Avg loss: 1.4343, Avg Accuracy: 47.70%, Avg PI: 0.2738, Avg Surprise: 1.6339, Avg Tau: 1.4562
Train Epoch 11 Summary: Avg loss: 1.3504, Avg Accuracy: 51.14%, Avg PI: 0.2536, Avg Surprise: 1.8042, Avg Tau: 1.3778
Train Epoch 12 Summary: Avg loss: 1.2960, Avg Accuracy: 52.77%, Avg PI: 0.2713, Avg Surprise: 1.6505, Avg Tau: 1.3215
Train Epoch 13 Summary: Avg loss: 1.2631, Avg Accuracy: 54.10%, Avg PI: 0.2464, Avg Surprise: 1.8459, Avg Tau: 1.2842

--- Validating at global step: 680 ---
CIFAR10 Validation set: Avg loss: 1.2144, Accuracy: 56.24%, Avg PI: 0.1777, Avg Surprise: 2.4455, Avg Tau: 1.1921
MNIST Validation set: Avg loss: 3.7843, Accuracy: 9.04%, Avg PI: 0.0003, Avg Surprise: 14.0166, Avg Tau: 1.5118
FashionMNIST Validation set: Avg loss: 3.9022, Accuracy: 5.51%, Avg PI: 0.0004, Avg Surprise: 12.8653, Avg Tau: 1.4591
SVHN Validation set: Avg loss: 3.9130, Accuracy: 11.04%, Avg PI: 0.0131, Avg Surprise: 6.0268, Avg Tau: 1.4613

--- Training on MNIST for 1 epoch(s) ---
Train Epoch 14 Summary: Avg loss: 1.4832, Avg Accuracy: 48.56%, Avg PI: 0.0394, Avg Surprise: 6.9804, Avg Tau: 1.4681

--- Validating at global step: 739 ---
CIFAR10 Validation set: Avg loss: 2.3963, Accuracy: 29.29%, Avg PI: 0.0102, Avg Surprise: 7.2412, Avg Tau: 1.2012
MNIST Validation set: Avg loss: 0.6177, Accuracy: 79.33%, Avg PI: 0.1492, Avg Surprise: 3.1601, Avg Tau: 0.8355
FashionMNIST Validation set: Avg loss: 3.3152, Accuracy: 12.74%, Avg PI: 0.0002, Avg Surprise: 14.4629, Avg Tau: 1.1788
SVHN Validation set: Avg loss: 3.8560, Accuracy: 12.72%, Avg PI: 0.0015, Avg Surprise: 9.4357, Avg Tau: 1.0617

--- Training on FashionMNIST for 1 epoch(s) ---
Train Epoch 15 Summary: Avg loss: 1.0258, Avg Accuracy: 64.81%, Avg PI: 0.1289, Avg Surprise: 3.7572, Avg Tau: 1.0261

--- Validating at global step: 798 ---
CIFAR10 Validation set: Avg loss: 3.0967, Accuracy: 19.67%, Avg PI: 0.0016, Avg Surprise: 10.2434, Avg Tau: 1.1455
MNIST Validation set: Avg loss: 3.9869, Accuracy: 17.17%, Avg PI: 0.0000, Avg Surprise: 44.5308, Avg Tau: 0.6638
FashionMNIST Validation set: Avg loss: 0.5953, Accuracy: 78.47%, Avg PI: 0.1251, Avg Surprise: 3.3159, Avg Tau: 0.6655
SVHN Validation set: Avg loss: 4.0804, Accuracy: 10.43%, Avg PI: 0.0003, Avg Surprise: 12.8525, Avg Tau: 1.1006

--- Training on SVHN for 1 epoch(s) ---
Train Epoch 16 Summary: Avg loss: 2.1820, Avg Accuracy: 25.53%, Avg PI: 0.3145, Avg Surprise: 1.6070, Avg Tau: 1.9956

--- Validating at global step: 870 ---
CIFAR10 Validation set: Avg loss: 2.7479, Accuracy: 10.78%, Avg PI: 0.0854, Avg Surprise: 3.5053, Avg Tau: 1.9328
MNIST Validation set: Avg loss: 2.1854, Accuracy: 23.20%, Avg PI: 0.0318, Avg Surprise: 5.9216, Avg Tau: 1.8740
FashionMNIST Validation set: Avg loss: 2.3516, Accuracy: 17.78%, Avg PI: 0.0526, Avg Surprise: 4.6208, Avg Tau: 1.8317
SVHN Validation set: Avg loss: 1.8029, Accuracy: 36.75%, Avg PI: 0.2524, Avg Surprise: 1.8042, Avg Tau: 1.8630

Checkpoint for cycle 2 saved to: output/ViT/checkpoints\20250628T053559_large-moe-mnist-marathon-rehearsal-cycle_2.pth

==================== MARATHON CYCLE 3/5 ====================

--- Training on CIFAR10 for 5 epoch(s) ---
Train Epoch 17 Summary: Avg loss: 1.6640, Avg Accuracy: 40.09%, Avg PI: 0.2804, Avg Surprise: 1.6043, Avg Tau: 1.6595
Train Epoch 18 Summary: Avg loss: 1.2644, Avg Accuracy: 54.03%, Avg PI: 0.2888, Avg Surprise: 1.5266, Avg Tau: 1.2907
Train Epoch 19 Summary: Avg loss: 1.2194, Avg Accuracy: 55.86%, Avg PI: 0.2767, Avg Surprise: 1.6058, Avg Tau: 1.2402
Train Epoch 20 Summary: Avg loss: 1.1910, Avg Accuracy: 57.04%, Avg PI: 0.2636, Avg Surprise: 1.7140, Avg Tau: 1.2077
Train Epoch 21 Summary: Avg loss: 1.1637, Avg Accuracy: 58.10%, Avg PI: 0.2569, Avg Surprise: 1.7599, Avg Tau: 1.1815

--- Validating at global step: 1115 ---
CIFAR10 Validation set: Avg loss: 1.0970, Accuracy: 60.74%, Avg PI: 0.2175, Avg Surprise: 2.0214, Avg Tau: 1.0591
MNIST Validation set: Avg loss: 3.9911, Accuracy: 7.72%, Avg PI: 0.0000, Avg Surprise: 19.1980, Avg Tau: 1.4038
FashionMNIST Validation set: Avg loss: 4.1759, Accuracy: 4.96%, Avg PI: 0.0007, Avg Surprise: 11.4673, Avg Tau: 1.3489
SVHN Validation set: Avg loss: 4.1096, Accuracy: 10.08%, Avg PI: 0.0075, Avg Surprise: 6.8304, Avg Tau: 1.3806

--- Training on MNIST for 1 epoch(s) ---
Train Epoch 22 Summary: Avg loss: 1.2716, Avg Accuracy: 57.15%, Avg PI: 0.0587, Avg Surprise: 5.7675, Avg Tau: 1.2369

--- Validating at global step: 1174 ---
CIFAR10 Validation set: Avg loss: 2.3026, Accuracy: 34.27%, Avg PI: 0.0022, Avg Surprise: 10.0713, Avg Tau: 1.0611
MNIST Validation set: Avg loss: 0.4494, Accuracy: 84.98%, Avg PI: 0.0978, Avg Surprise: 4.0420, Avg Tau: 0.5871
FashionMNIST Validation set: Avg loss: 2.9207, Accuracy: 19.59%, Avg PI: 0.0000, Avg Surprise: 19.4349, Avg Tau: 1.0978
SVHN Validation set: Avg loss: 3.9347, Accuracy: 14.65%, Avg PI: 0.0001, Avg Surprise: 14.2512, Avg Tau: 0.8922

--- Training on FashionMNIST for 1 epoch(s) ---
Train Epoch 23 Summary: Avg loss: 0.8534, Avg Accuracy: 71.10%, Avg PI: 0.1325, Avg Surprise: 3.8568, Avg Tau: 0.8486

--- Validating at global step: 1233 ---
CIFAR10 Validation set: Avg loss: 2.9931, Accuracy: 23.01%, Avg PI: 0.0015, Avg Surprise: 10.1867, Avg Tau: 1.0538
MNIST Validation set: Avg loss: 4.4284, Accuracy: 9.68%, Avg PI: 0.0000, Avg Surprise: 60.3776, Avg Tau: 0.6046
FashionMNIST Validation set: Avg loss: 0.5301, Accuracy: 80.48%, Avg PI: 0.2310, Avg Surprise: 1.9832, Avg Tau: 0.5420
SVHN Validation set: Avg loss: 4.0746, Accuracy: 9.75%, Avg PI: 0.0001, Avg Surprise: 15.4448, Avg Tau: 1.1364

--- Training on SVHN for 1 epoch(s) ---
Train Epoch 24 Summary: Avg loss: 2.0995, Avg Accuracy: 28.47%, Avg PI: 0.2854, Avg Surprise: 1.8909, Avg Tau: 1.9314

--- Validating at global step: 1305 ---
CIFAR10 Validation set: Avg loss: 2.6155, Accuracy: 15.62%, Avg PI: 0.0697, Avg Surprise: 3.9595, Avg Tau: 1.8979
MNIST Validation set: Avg loss: 2.2973, Accuracy: 22.88%, Avg PI: 0.0056, Avg Surprise: 9.3803, Avg Tau: 1.7669
FashionMNIST Validation set: Avg loss: 2.4592, Accuracy: 18.42%, Avg PI: 0.0472, Avg Surprise: 4.7168, Avg Tau: 1.7607
SVHN Validation set: Avg loss: 1.6902, Accuracy: 41.83%, Avg PI: 0.2433, Avg Surprise: 1.8998, Avg Tau: 1.7941

Checkpoint for cycle 3 saved to: output/ViT/checkpoints\20250628T053559_large-moe-mnist-marathon-rehearsal-cycle_3.pth

==================== MARATHON CYCLE 4/5 ====================

--- Training on CIFAR10 for 5 epoch(s) ---
Train Epoch 25 Summary: Avg loss: 1.4967, Avg Accuracy: 46.64%, Avg PI: 0.2572, Avg Surprise: 1.7985, Avg Tau: 1.4782
Train Epoch 26 Summary: Avg loss: 1.1729, Avg Accuracy: 57.80%, Avg PI: 0.2807, Avg Surprise: 1.5775, Avg Tau: 1.1941
Train Epoch 27 Summary: Avg loss: 1.1371, Avg Accuracy: 58.88%, Avg PI: 0.2751, Avg Surprise: 1.6179, Avg Tau: 1.1494
Train Epoch 28 Summary: Avg loss: 1.1158, Avg Accuracy: 59.80%, Avg PI: 0.2677, Avg Surprise: 1.6741, Avg Tau: 1.1302
Train Epoch 29 Summary: Avg loss: 1.0927, Avg Accuracy: 60.52%, Avg PI: 0.2805, Avg Surprise: 1.5687, Avg Tau: 1.1109

--- Validating at global step: 1550 ---
CIFAR10 Validation set: Avg loss: 1.0407, Accuracy: 63.07%, Avg PI: 0.1981, Avg Surprise: 2.1797, Avg Tau: 0.9775
MNIST Validation set: Avg loss: 3.7822, Accuracy: 9.71%, Avg PI: 0.0000, Avg Surprise: 20.0246, Avg Tau: 1.3617
FashionMNIST Validation set: Avg loss: 4.1424, Accuracy: 6.85%, Avg PI: 0.0003, Avg Surprise: 12.9528, Avg Tau: 1.3433
SVHN Validation set: Avg loss: 4.0977, Accuracy: 10.32%, Avg PI: 0.0086, Avg Surprise: 6.5592, Avg Tau: 1.3750

--- Training on MNIST for 1 epoch(s) ---
Train Epoch 30 Summary: Avg loss: 1.0280, Avg Accuracy: 65.84%, Avg PI: 0.0436, Avg Surprise: 7.8445, Avg Tau: 0.9982

--- Validating at global step: 1609 ---
CIFAR10 Validation set: Avg loss: 2.1312, Accuracy: 38.01%, Avg PI: 0.0049, Avg Surprise: 8.5200, Avg Tau: 0.9875
MNIST Validation set: Avg loss: 0.3921, Accuracy: 87.27%, Avg PI: 0.0749, Avg Surprise: 4.8843, Avg Tau: 0.4780
FashionMNIST Validation set: Avg loss: 2.7684, Accuracy: 19.38%, Avg PI: 0.0000, Avg Surprise: 17.5486, Avg Tau: 1.1430
SVHN Validation set: Avg loss: 3.7923, Accuracy: 14.12%, Avg PI: 0.0003, Avg Surprise: 12.8273, Avg Tau: 1.0290

--- Training on FashionMNIST for 1 epoch(s) ---
Train Epoch 31 Summary: Avg loss: 0.7765, Avg Accuracy: 72.92%, Avg PI: 0.1532, Avg Surprise: 3.5464, Avg Tau: 0.7553

--- Validating at global step: 1668 ---
CIFAR10 Validation set: Avg loss: 2.8398, Accuracy: 26.35%, Avg PI: 0.0028, Avg Surprise: 9.0750, Avg Tau: 1.0394
MNIST Validation set: Avg loss: 4.3115, Accuracy: 13.97%, Avg PI: 0.0000, Avg Surprise: 49.2288, Avg Tau: 0.6285
FashionMNIST Validation set: Avg loss: 0.5356, Accuracy: 80.47%, Avg PI: 0.1357, Avg Surprise: 2.8931, Avg Tau: 0.4792
SVHN Validation set: Avg loss: 3.9022, Accuracy: 11.83%, Avg PI: 0.0002, Avg Surprise: 14.2878, Avg Tau: 1.1272

--- Training on SVHN for 1 epoch(s) ---
Train Epoch 32 Summary: Avg loss: 2.0232, Avg Accuracy: 31.11%, Avg PI: 0.2772, Avg Surprise: 1.8629, Avg Tau: 1.8845

--- Validating at global step: 1740 ---
CIFAR10 Validation set: Avg loss: 2.5467, Accuracy: 18.55%, Avg PI: 0.0506, Avg Surprise: 4.6064, Avg Tau: 1.8547
MNIST Validation set: Avg loss: 2.3026, Accuracy: 22.41%, Avg PI: 0.0107, Avg Surprise: 8.0486, Avg Tau: 1.7544
FashionMNIST Validation set: Avg loss: 2.5678, Accuracy: 16.58%, Avg PI: 0.0364, Avg Surprise: 5.1546, Avg Tau: 1.7335
SVHN Validation set: Avg loss: 1.6036, Accuracy: 44.98%, Avg PI: 0.1343, Avg Surprise: 3.1086, Avg Tau: 1.7336

Checkpoint for cycle 4 saved to: output/ViT/checkpoints\20250628T053559_large-moe-mnist-marathon-rehearsal-cycle_4.pth

==================== MARATHON CYCLE 5/5 ====================

--- Training on CIFAR10 for 5 epoch(s) ---
Train Epoch 33 Summary: Avg loss: 1.3825, Avg Accuracy: 50.77%, Avg PI: 0.2432, Avg Surprise: 1.9331, Avg Tau: 1.3649
Train Epoch 34 Summary: Avg loss: 1.1059, Avg Accuracy: 60.08%, Avg PI: 0.2790, Avg Surprise: 1.5805, Avg Tau: 1.1182
Train Epoch 35 Summary: Avg loss: 1.0795, Avg Accuracy: 61.16%, Avg PI: 0.2898, Avg Surprise: 1.4947, Avg Tau: 1.0897
Train Epoch 36 Summary: Avg loss: 1.0547, Avg Accuracy: 61.86%, Avg PI: 0.2860, Avg Surprise: 1.5298, Avg Tau: 1.0697
Train Epoch 37 Summary: Avg loss: 1.0402, Avg Accuracy: 62.56%, Avg PI: 0.2816, Avg Surprise: 1.5597, Avg Tau: 1.0545

--- Validating at global step: 1985 ---
CIFAR10 Validation set: Avg loss: 0.9953, Accuracy: 64.29%, Avg PI: 0.2315, Avg Surprise: 1.8190, Avg Tau: 0.8950
MNIST Validation set: Avg loss: 3.9908, Accuracy: 7.30%, Avg PI: 0.0001, Avg Surprise: 17.3539, Avg Tau: 1.3695
FashionMNIST Validation set: Avg loss: 4.2835, Accuracy: 6.14%, Avg PI: 0.0001, Avg Surprise: 15.5851, Avg Tau: 1.2183
SVHN Validation set: Avg loss: 4.0727, Accuracy: 9.51%, Avg PI: 0.0034, Avg Surprise: 8.3435, Avg Tau: 1.3342

--- Training on MNIST for 1 epoch(s) ---
Train Epoch 38 Summary: Avg loss: 0.9184, Avg Accuracy: 69.95%, Avg PI: 0.0369, Avg Surprise: 7.9702, Avg Tau: 0.8590

--- Validating at global step: 2044 ---
CIFAR10 Validation set: Avg loss: 1.9824, Accuracy: 41.26%, Avg PI: 0.0154, Avg Surprise: 6.4893, Avg Tau: 1.0474
MNIST Validation set: Avg loss: 0.3367, Accuracy: 88.90%, Avg PI: 0.0501, Avg Surprise: 5.2576, Avg Tau: 0.4089
FashionMNIST Validation set: Avg loss: 2.1945, Accuracy: 30.96%, Avg PI: 0.0001, Avg Surprise: 17.6350, Avg Tau: 1.2114
SVHN Validation set: Avg loss: 3.2379, Accuracy: 18.37%, Avg PI: 0.0003, Avg Surprise: 13.8970, Avg Tau: 1.2000

--- Training on FashionMNIST for 1 epoch(s) ---
Train Epoch 39 Summary: Avg loss: 0.6852, Avg Accuracy: 76.31%, Avg PI: 0.1777, Avg Surprise: 3.1492, Avg Tau: 0.6843

--- Validating at global step: 2103 ---
CIFAR10 Validation set: Avg loss: 2.9381, Accuracy: 27.01%, Avg PI: 0.0013, Avg Surprise: 10.0948, Avg Tau: 0.9055
MNIST Validation set: Avg loss: 5.1462, Accuracy: 9.55%, Avg PI: 0.0000, Avg Surprise: 55.8663, Avg Tau: 0.2927
FashionMNIST Validation set: Avg loss: 0.4940, Accuracy: 82.56%, Avg PI: 0.2036, Avg Surprise: 1.9975, Avg Tau: 0.4121
SVHN Validation set: Avg loss: 3.9846, Accuracy: 12.10%, Avg PI: 0.0000, Avg Surprise: 17.8584, Avg Tau: 0.9896

--- Training on SVHN for 1 epoch(s) ---
Train Epoch 40 Summary: Avg loss: 1.9379, Avg Accuracy: 34.33%, Avg PI: 0.2697, Avg Surprise: 2.0548, Avg Tau: 1.8056

--- Validating at global step: 2175 ---
CIFAR10 Validation set: Avg loss: 2.4356, Accuracy: 20.17%, Avg PI: 0.0458, Avg Surprise: 4.8028, Avg Tau: 1.7699
MNIST Validation set: Avg loss: 2.2106, Accuracy: 27.33%, Avg PI: 0.0099, Avg Surprise: 8.2967, Avg Tau: 1.6410
FashionMNIST Validation set: Avg loss: 2.6446, Accuracy: 18.23%, Avg PI: 0.0192, Avg Surprise: 6.2620, Avg Tau: 1.5951
SVHN Validation set: Avg loss: 1.4702, Accuracy: 49.63%, Avg PI: 0.1625, Avg Surprise: 2.7328, Avg Tau: 1.6059

Checkpoint for cycle 5 saved to: output/ViT/checkpoints\20250628T053559_large-moe-mnist-marathon-rehearsal-cycle_5.pth

Plots saved to: E:\Dev\Chain\PILF\output\ViT\img
